[0.618s] DEBUG:colcon:Command line arguments: ['/usr/bin/colcon', 'build']
[0.618s] DEBUG:colcon:Parsed command line arguments: Namespace(log_base=None, log_level=None, verb_name='build', build_base='build', install_base='install', merge_install=False, symlink_install=False, test_result_base=None, continue_on_error=False, executor='parallel', parallel_workers=4, event_handlers=None, ignore_user_meta=False, metas=['./colcon.meta'], base_paths=['.'], packages_ignore=None, packages_ignore_regex=None, paths=None, packages_up_to=None, packages_up_to_regex=None, packages_above=None, packages_above_and_dependencies=None, packages_above_depth=None, packages_select_by_dep=None, packages_skip_by_dep=None, packages_skip_up_to=None, packages_select_build_failed=False, packages_skip_build_finished=False, packages_select_test_failures=False, packages_skip_test_passed=False, packages_select=None, packages_skip=None, packages_select_regex=None, packages_skip_regex=None, packages_start=None, packages_end=None, allow_overriding=[], cmake_args=None, cmake_target=None, cmake_target_skip_unavailable=False, cmake_clean_cache=False, cmake_clean_first=False, cmake_force_configure=False, ament_cmake_args=None, catkin_cmake_args=None, catkin_skip_building_tests=False, verb_parser=<colcon_defaults.argument_parser.defaults.DefaultArgumentsDecorator object at 0xffff923a6650>, verb_extension=<colcon_core.verb.build.BuildVerb object at 0xffff923a60e0>, main=<bound method BuildVerb.main of <colcon_core.verb.build.BuildVerb object at 0xffff923a60e0>>)
[0.744s] Level 1:colcon.colcon_core.package_discovery:discover_packages(colcon_meta) check parameters
[0.745s] Level 1:colcon.colcon_core.package_discovery:discover_packages(recursive) check parameters
[0.745s] Level 1:colcon.colcon_core.package_discovery:discover_packages(ignore) check parameters
[0.745s] Level 1:colcon.colcon_core.package_discovery:discover_packages(path) check parameters
[0.745s] Level 1:colcon.colcon_core.package_discovery:discover_packages(colcon_meta) discover
[0.745s] Level 1:colcon.colcon_core.package_discovery:discover_packages(recursive) discover
[0.745s] INFO:colcon.colcon_core.package_discovery:Crawling recursively for packages in '/home/rushi/ROS2Planner/src'
[0.746s] Level 1:colcon.colcon_core.package_identification:_identify(.) by extensions ['ignore', 'ignore_ament_install']
[0.746s] Level 1:colcon.colcon_core.package_identification:_identify(.) by extension 'ignore'
[0.746s] Level 1:colcon.colcon_core.package_identification:_identify(.) by extension 'ignore_ament_install'
[0.746s] Level 1:colcon.colcon_core.package_identification:_identify(.) by extensions ['colcon_pkg']
[0.747s] Level 1:colcon.colcon_core.package_identification:_identify(.) by extension 'colcon_pkg'
[0.747s] Level 1:colcon.colcon_core.package_identification:_identify(.) by extensions ['colcon_meta']
[0.747s] Level 1:colcon.colcon_core.package_identification:_identify(.) by extension 'colcon_meta'
[0.747s] Level 1:colcon.colcon_core.package_identification:_identify(.) by extensions ['ros']
[0.747s] Level 1:colcon.colcon_core.package_identification:_identify(.) by extension 'ros'
[0.790s] Level 1:colcon.colcon_core.package_identification:_identify(.) by extensions ['cmake', 'python']
[0.790s] Level 1:colcon.colcon_core.package_identification:_identify(.) by extension 'cmake'
[0.791s] Level 1:colcon.colcon_core.package_identification:_identify(.) by extension 'python'
[0.791s] Level 1:colcon.colcon_core.package_identification:_identify(.) by extensions ['python_setup_py']
[0.791s] Level 1:colcon.colcon_core.package_identification:_identify(.) by extension 'python_setup_py'
[0.791s] Level 1:colcon.colcon_core.package_identification:_identify(build) by extensions ['ignore', 'ignore_ament_install']
[0.792s] Level 1:colcon.colcon_core.package_identification:_identify(build) by extension 'ignore'
[0.792s] Level 1:colcon.colcon_core.package_identification:_identify(build) ignored
[0.793s] Level 1:colcon.colcon_core.package_identification:_identify(car_sim) by extensions ['ignore', 'ignore_ament_install']
[0.793s] Level 1:colcon.colcon_core.package_identification:_identify(car_sim) by extension 'ignore'
[0.793s] Level 1:colcon.colcon_core.package_identification:_identify(car_sim) by extension 'ignore_ament_install'
[0.793s] Level 1:colcon.colcon_core.package_identification:_identify(car_sim) by extensions ['colcon_pkg']
[0.794s] Level 1:colcon.colcon_core.package_identification:_identify(car_sim) by extension 'colcon_pkg'
[0.794s] Level 1:colcon.colcon_core.package_identification:_identify(car_sim) by extensions ['colcon_meta']
[0.794s] Level 1:colcon.colcon_core.package_identification:_identify(car_sim) by extension 'colcon_meta'
[0.794s] Level 1:colcon.colcon_core.package_identification:_identify(car_sim) by extensions ['ros']
[0.794s] Level 1:colcon.colcon_core.package_identification:_identify(car_sim) by extension 'ros'
[0.806s] DEBUG:colcon.colcon_core.package_identification:Package 'car_sim' with type 'ros.ament_python' and name 'car_sim'
[0.807s] Level 1:colcon.colcon_core.package_identification:_identify(install) by extensions ['ignore', 'ignore_ament_install']
[0.808s] Level 1:colcon.colcon_core.package_identification:_identify(install) by extension 'ignore'
[0.808s] Level 1:colcon.colcon_core.package_identification:_identify(install) ignored
[0.808s] Level 1:colcon.colcon_core.package_identification:_identify(log) by extensions ['ignore', 'ignore_ament_install']
[0.809s] Level 1:colcon.colcon_core.package_identification:_identify(log) by extension 'ignore'
[0.809s] Level 1:colcon.colcon_core.package_identification:_identify(log) ignored
[0.809s] Level 1:colcon.colcon_core.package_discovery:discover_packages(recursive) using defaults
[0.810s] Level 1:colcon.colcon_core.package_discovery:discover_packages(ignore) discover
[0.810s] Level 1:colcon.colcon_core.package_discovery:discover_packages(ignore) using defaults
[0.810s] Level 1:colcon.colcon_core.package_discovery:discover_packages(path) discover
[0.810s] Level 1:colcon.colcon_core.package_discovery:discover_packages(path) using defaults
[0.902s] Level 1:colcon.colcon_core.package_discovery:discover_packages(prefix_path) check parameters
[0.902s] Level 1:colcon.colcon_core.package_discovery:discover_packages(prefix_path) discover
[0.915s] DEBUG:colcon.colcon_installed_package_information.package_discovery:Found 0 installed packages in /home/rushi/ros_ws/install
[0.919s] DEBUG:colcon.colcon_installed_package_information.package_discovery:Found 0 installed packages in /home/rushi/ROS2Planner/install
[0.928s] DEBUG:colcon.colcon_installed_package_information.package_discovery:Found 180 installed packages in /opt/ros/humble
[0.932s] Level 1:colcon.colcon_core.package_discovery:discover_packages(prefix_path) using defaults
[1.095s] Level 5:colcon.colcon_core.verb:set package 'car_sim' build argument 'cmake_args' from command line to 'None'
[1.095s] Level 5:colcon.colcon_core.verb:set package 'car_sim' build argument 'cmake_target' from command line to 'None'
[1.095s] Level 5:colcon.colcon_core.verb:set package 'car_sim' build argument 'cmake_target_skip_unavailable' from command line to 'False'
[1.095s] Level 5:colcon.colcon_core.verb:set package 'car_sim' build argument 'cmake_clean_cache' from command line to 'False'
[1.095s] Level 5:colcon.colcon_core.verb:set package 'car_sim' build argument 'cmake_clean_first' from command line to 'False'
[1.095s] Level 5:colcon.colcon_core.verb:set package 'car_sim' build argument 'cmake_force_configure' from command line to 'False'
[1.095s] Level 5:colcon.colcon_core.verb:set package 'car_sim' build argument 'ament_cmake_args' from command line to 'None'
[1.096s] Level 5:colcon.colcon_core.verb:set package 'car_sim' build argument 'catkin_cmake_args' from command line to 'None'
[1.096s] Level 5:colcon.colcon_core.verb:set package 'car_sim' build argument 'catkin_skip_building_tests' from command line to 'False'
[1.096s] DEBUG:colcon.colcon_core.verb:Building package 'car_sim' with the following arguments: {'ament_cmake_args': None, 'build_base': '/home/rushi/ROS2Planner/src/build/car_sim', 'catkin_cmake_args': None, 'catkin_skip_building_tests': False, 'cmake_args': None, 'cmake_clean_cache': False, 'cmake_clean_first': False, 'cmake_force_configure': False, 'cmake_target': None, 'cmake_target_skip_unavailable': False, 'install_base': '/home/rushi/ROS2Planner/src/install/car_sim', 'merge_install': False, 'path': '/home/rushi/ROS2Planner/src/car_sim', 'symlink_install': False, 'test_result_base': None}
[1.098s] INFO:colcon.colcon_core.executor:Executing jobs using 'parallel' executor
[1.113s] DEBUG:colcon.colcon_parallel_executor.executor.parallel:run_until_complete
[1.114s] INFO:colcon.colcon_ros.task.ament_python.build:Building ROS package in '/home/rushi/ROS2Planner/src/car_sim' with build type 'ament_python'
[1.114s] Level 1:colcon.colcon_core.shell:create_environment_hook('car_sim', 'ament_prefix_path')
[1.133s] INFO:colcon.colcon_core.plugin_system:Skipping extension 'colcon_core.shell.bat': Not used on non-Windows systems
[1.134s] INFO:colcon.colcon_core.shell:Creating environment hook '/home/rushi/ROS2Planner/src/install/car_sim/share/car_sim/hook/ament_prefix_path.ps1'
[1.139s] INFO:colcon.colcon_core.shell:Creating environment descriptor '/home/rushi/ROS2Planner/src/install/car_sim/share/car_sim/hook/ament_prefix_path.dsv'
[1.141s] INFO:colcon.colcon_core.shell:Creating environment hook '/home/rushi/ROS2Planner/src/install/car_sim/share/car_sim/hook/ament_prefix_path.sh'
[1.149s] INFO:colcon.colcon_core.shell:Skip shell extension 'powershell' for command environment: Not usable outside of PowerShell
[1.150s] DEBUG:colcon.colcon_core.shell:Skip shell extension 'dsv' for command environment
[2.290s] INFO:colcon.colcon_core.task.python.build:Building Python package in '/home/rushi/ROS2Planner/src/car_sim'
[2.297s] INFO:colcon.colcon_core.shell:Skip shell extension 'powershell' for command environment: Not usable outside of PowerShell
[2.298s] DEBUG:colcon.colcon_core.shell:Skip shell extension 'dsv' for command environment
[3.869s] DEBUG:colcon.colcon_core.event_handler.log_command:Invoking command in '/home/rushi/ROS2Planner/src/car_sim': PYTHONPATH=/home/rushi/ROS2Planner/src/install/car_sim/lib/python3.10/site-packages:${PYTHONPATH} /usr/bin/python3 setup.py egg_info --egg-base ../build/car_sim build --build-base /home/rushi/ROS2Planner/src/build/car_sim/build install --prefix /home/rushi/ROS2Planner/src/install/car_sim --record /home/rushi/ROS2Planner/src/build/car_sim/install.log --single-version-externally-managed
[5.130s] DEBUG:colcon.colcon_core.event_handler.log_command:Invoked command in '/home/rushi/ROS2Planner/src/car_sim' returned '0': PYTHONPATH=/home/rushi/ROS2Planner/src/install/car_sim/lib/python3.10/site-packages:${PYTHONPATH} /usr/bin/python3 setup.py egg_info --egg-base ../build/car_sim build --build-base /home/rushi/ROS2Planner/src/build/car_sim/build install --prefix /home/rushi/ROS2Planner/src/install/car_sim --record /home/rushi/ROS2Planner/src/build/car_sim/install.log --single-version-externally-managed
[5.173s] Level 1:colcon.colcon_core.environment:checking '/home/rushi/ROS2Planner/src/install/car_sim' for CMake module files
[5.175s] Level 1:colcon.colcon_core.environment:checking '/home/rushi/ROS2Planner/src/install/car_sim' for CMake config files
[5.178s] Level 1:colcon.colcon_core.environment:checking '/home/rushi/ROS2Planner/src/install/car_sim/lib'
[5.179s] Level 1:colcon.colcon_core.environment:checking '/home/rushi/ROS2Planner/src/install/car_sim/bin'
[5.179s] Level 1:colcon.colcon_core.environment:checking '/home/rushi/ROS2Planner/src/install/car_sim/lib/pkgconfig/car_sim.pc'
[5.180s] Level 1:colcon.colcon_core.environment:checking '/home/rushi/ROS2Planner/src/install/car_sim/lib/python3.10/site-packages'
[5.181s] Level 1:colcon.colcon_core.shell:create_environment_hook('car_sim', 'pythonpath')
[5.186s] INFO:colcon.colcon_core.shell:Creating environment hook '/home/rushi/ROS2Planner/src/install/car_sim/share/car_sim/hook/pythonpath.ps1'
[5.188s] INFO:colcon.colcon_core.shell:Creating environment descriptor '/home/rushi/ROS2Planner/src/install/car_sim/share/car_sim/hook/pythonpath.dsv'
[5.189s] INFO:colcon.colcon_core.shell:Creating environment hook '/home/rushi/ROS2Planner/src/install/car_sim/share/car_sim/hook/pythonpath.sh'
[5.191s] Level 1:colcon.colcon_core.environment:checking '/home/rushi/ROS2Planner/src/install/car_sim/bin'
[5.191s] Level 1:colcon.colcon_core.environment:create_environment_scripts_only(car_sim)
[5.197s] INFO:colcon.colcon_core.shell:Creating package script '/home/rushi/ROS2Planner/src/install/car_sim/share/car_sim/package.ps1'
[5.202s] INFO:colcon.colcon_core.shell:Creating package descriptor '/home/rushi/ROS2Planner/src/install/car_sim/share/car_sim/package.dsv'
[5.205s] INFO:colcon.colcon_core.shell:Creating package script '/home/rushi/ROS2Planner/src/install/car_sim/share/car_sim/package.sh'
[5.209s] INFO:colcon.colcon_core.shell:Creating package script '/home/rushi/ROS2Planner/src/install/car_sim/share/car_sim/package.bash'
[5.213s] INFO:colcon.colcon_core.shell:Creating package script '/home/rushi/ROS2Planner/src/install/car_sim/share/car_sim/package.zsh'
[5.217s] Level 1:colcon.colcon_core.environment:create_file_with_runtime_dependencies(/home/rushi/ROS2Planner/src/install/car_sim/share/colcon-core/packages/car_sim)
[5.219s] DEBUG:colcon.colcon_parallel_executor.executor.parallel:closing loop
[5.220s] DEBUG:colcon.colcon_parallel_executor.executor.parallel:loop closed
[5.221s] DEBUG:colcon.colcon_parallel_executor.executor.parallel:run_until_complete finished with '0'
[5.221s] DEBUG:colcon.colcon_core.event_reactor:joining thread
[5.255s] INFO:colcon.colcon_core.plugin_system:Skipping extension 'colcon_notification.desktop_notification.terminal_notifier': Not used on non-Darwin systems
[5.255s] INFO:colcon.colcon_core.plugin_system:Skipping extension 'colcon_notification.desktop_notification.win32': Not used on non-Windows systems
[5.255s] INFO:colcon.colcon_notification.desktop_notification:Sending desktop notification using 'notify2'
[5.260s] DEBUG:colcon.colcon_notification.desktop_notification.notify2:Failed to initialize notify2: org.freedesktop.DBus.Error.ServiceUnknown: The name org.freedesktop.Notifications was not provided by any .service files
[5.261s] DEBUG:colcon.colcon_core.event_reactor:joined thread
[5.266s] INFO:colcon.colcon_core.shell:Creating prefix script '/home/rushi/ROS2Planner/src/install/local_setup.ps1'
[5.270s] INFO:colcon.colcon_core.shell:Creating prefix util module '/home/rushi/ROS2Planner/src/install/_local_setup_util_ps1.py'
[5.276s] INFO:colcon.colcon_core.shell:Creating prefix chain script '/home/rushi/ROS2Planner/src/install/setup.ps1'
[5.282s] INFO:colcon.colcon_core.shell:Creating prefix script '/home/rushi/ROS2Planner/src/install/local_setup.sh'
[5.285s] INFO:colcon.colcon_core.shell:Creating prefix util module '/home/rushi/ROS2Planner/src/install/_local_setup_util_sh.py'
[5.287s] INFO:colcon.colcon_core.shell:Creating prefix chain script '/home/rushi/ROS2Planner/src/install/setup.sh'
[5.293s] INFO:colcon.colcon_core.shell:Creating prefix script '/home/rushi/ROS2Planner/src/install/local_setup.bash'
[5.295s] INFO:colcon.colcon_core.shell:Creating prefix chain script '/home/rushi/ROS2Planner/src/install/setup.bash'
[5.300s] INFO:colcon.colcon_core.shell:Creating prefix script '/home/rushi/ROS2Planner/src/install/local_setup.zsh'
[5.302s] INFO:colcon.colcon_core.shell:Creating prefix chain script '/home/rushi/ROS2Planner/src/install/setup.zsh'
