running egg_info
creating ../build/car_sim/car_sim.egg-info
writing ../build/car_sim/car_sim.egg-info/PKG-INFO
writing dependency_links to ../build/car_sim/car_sim.egg-info/dependency_links.txt
writing entry points to ../build/car_sim/car_sim.egg-info/entry_points.txt
writing requirements to ../build/car_sim/car_sim.egg-info/requires.txt
writing top-level names to ../build/car_sim/car_sim.egg-info/top_level.txt
writing manifest file '../build/car_sim/car_sim.egg-info/SOURCES.txt'
reading manifest file '../build/car_sim/car_sim.egg-info/SOURCES.txt'
adding license file 'LICENSE'
writing manifest file '../build/car_sim/car_sim.egg-info/SOURCES.txt'
running build
running build_py
creating /home/rushi/ROS2Planner/src/build/car_sim/build
creating /home/rushi/ROS2Planner/src/build/car_sim/build/lib
creating /home/rushi/ROS2Planner/src/build/car_sim/build/lib/car_sim
copying car_sim/__init__.py -> /home/rushi/ROS2Planner/src/build/car_sim/build/lib/car_sim
running install
running install_lib
creating /home/rushi/ROS2Planner/src/install/car_sim/lib/python3.10/site-packages/car_sim
copying /home/rushi/ROS2Planner/src/build/car_sim/build/lib/car_sim/__init__.py -> /home/rushi/ROS2Planner/src/install/car_sim/lib/python3.10/site-packages/car_sim
byte-compiling /home/rushi/ROS2Planner/src/install/car_sim/lib/python3.10/site-packages/car_sim/__init__.py to __init__.cpython-310.pyc
running install_data
creating /home/rushi/ROS2Planner/src/install/car_sim/share/ament_index
creating /home/rushi/ROS2Planner/src/install/car_sim/share/ament_index/resource_index
creating /home/rushi/ROS2Planner/src/install/car_sim/share/ament_index/resource_index/packages
copying resource/car_sim -> /home/rushi/ROS2Planner/src/install/car_sim/share/ament_index/resource_index/packages
copying package.xml -> /home/rushi/ROS2Planner/src/install/car_sim/share/car_sim
running install_egg_info
Copying ../build/car_sim/car_sim.egg-info to /home/rushi/ROS2Planner/src/install/car_sim/lib/python3.10/site-packages/car_sim-0.0.0-py3.10.egg-info
running install_scripts
writing list of installed files to '/home/rushi/ROS2Planner/src/build/car_sim/install.log'
