[2.753s] Invoking command in '/home/rushi/ROS2Planner/src/car_sim': PYTHONPATH=/home/rushi/ROS2Planner/src/install/car_sim/lib/python3.10/site-packages:${PYTHONPATH} /usr/bin/python3 setup.py egg_info --egg-base ../build/car_sim build --build-base /home/rushi/ROS2Planner/src/build/car_sim/build install --prefix /home/rushi/ROS2Planner/src/install/car_sim --record /home/rushi/ROS2Planner/src/build/car_sim/install.log --single-version-externally-managed
[3.753s] running egg_info
[3.755s] creating ../build/car_sim/car_sim.egg-info
[3.756s] writing ../build/car_sim/car_sim.egg-info/PKG-INFO
[3.757s] writing dependency_links to ../build/car_sim/car_sim.egg-info/dependency_links.txt
[3.757s] writing entry points to ../build/car_sim/car_sim.egg-info/entry_points.txt
[3.758s] writing requirements to ../build/car_sim/car_sim.egg-info/requires.txt
[3.759s] writing top-level names to ../build/car_sim/car_sim.egg-info/top_level.txt
[3.759s] writing manifest file '../build/car_sim/car_sim.egg-info/SOURCES.txt'
[3.766s] reading manifest file '../build/car_sim/car_sim.egg-info/SOURCES.txt'
[3.767s] adding license file 'LICENSE'
[3.770s] writing manifest file '../build/car_sim/car_sim.egg-info/SOURCES.txt'
[3.773s] running build
[3.773s] running build_py
[3.773s] creating /home/rushi/ROS2Planner/src/build/car_sim/build
[3.774s] creating /home/rushi/ROS2Planner/src/build/car_sim/build/lib
[3.774s] creating /home/rushi/ROS2Planner/src/build/car_sim/build/lib/car_sim
[3.775s] copying car_sim/__init__.py -> /home/rushi/ROS2Planner/src/build/car_sim/build/lib/car_sim
[3.775s] running install
[3.776s] running install_lib
[3.778s] creating /home/rushi/ROS2Planner/src/install/car_sim/lib/python3.10/site-packages/car_sim
[3.779s] copying /home/rushi/ROS2Planner/src/build/car_sim/build/lib/car_sim/__init__.py -> /home/rushi/ROS2Planner/src/install/car_sim/lib/python3.10/site-packages/car_sim
[3.781s] byte-compiling /home/rushi/ROS2Planner/src/install/car_sim/lib/python3.10/site-packages/car_sim/__init__.py to __init__.cpython-310.pyc
[3.782s] running install_data
[3.785s] creating /home/rushi/ROS2Planner/src/install/car_sim/share/ament_index
[3.785s] creating /home/rushi/ROS2Planner/src/install/car_sim/share/ament_index/resource_index
[3.786s] creating /home/rushi/ROS2Planner/src/install/car_sim/share/ament_index/resource_index/packages
[3.786s] copying resource/car_sim -> /home/rushi/ROS2Planner/src/install/car_sim/share/ament_index/resource_index/packages
[3.786s] copying package.xml -> /home/rushi/ROS2Planner/src/install/car_sim/share/car_sim
[3.787s] running install_egg_info
[3.793s] Copying ../build/car_sim/car_sim.egg-info to /home/rushi/ROS2Planner/src/install/car_sim/lib/python3.10/site-packages/car_sim-0.0.0-py3.10.egg-info
[3.800s] running install_scripts
[3.881s] writing list of installed files to '/home/rushi/ROS2Planner/src/build/car_sim/install.log'
[4.014s] Invoked command in '/home/rushi/ROS2Planner/src/car_sim' returned '0': PYTHONPATH=/home/rushi/ROS2Planner/src/install/car_sim/lib/python3.10/site-packages:${PYTHONPATH} /usr/bin/python3 setup.py egg_info --egg-base ../build/car_sim build --build-base /home/rushi/ROS2Planner/src/build/car_sim/build install --prefix /home/rushi/ROS2Planner/src/install/car_sim --record /home/rushi/ROS2Planner/src/build/car_sim/install.log --single-version-externally-managed
